Traceback (most recent call last):
  File "C:\Users\r.herron\Miniconda3\envs\fina-4380\lib\site-packages\jupyter_cache\executors\utils.py", line 51, in single_nb_execution
    executenb(
  File "C:\Users\r.herron\Miniconda3\envs\fina-4380\lib\site-packages\nbclient\client.py", line 1204, in execute
    return NotebookClient(nb=nb, resources=resources, km=km, **kwargs).execute()
  File "C:\Users\r.herron\Miniconda3\envs\fina-4380\lib\site-packages\nbclient\util.py", line 84, in wrapped
    return just_run(coro(*args, **kwargs))
  File "C:\Users\r.herron\Miniconda3\envs\fina-4380\lib\site-packages\nbclient\util.py", line 62, in just_run
    return loop.run_until_complete(coro)
  File "C:\Users\r.herron\Miniconda3\envs\fina-4380\lib\asyncio\base_events.py", line 646, in run_until_complete
    return future.result()
  File "C:\Users\r.herron\Miniconda3\envs\fina-4380\lib\site-packages\nbclient\client.py", line 663, in async_execute
    await self.async_execute_cell(
  File "C:\Users\r.herron\Miniconda3\envs\fina-4380\lib\site-packages\nbclient\client.py", line 965, in async_execute_cell
    await self._check_raise_for_error(cell, cell_index, exec_reply)
  File "C:\Users\r.herron\Miniconda3\envs\fina-4380\lib\site-packages\nbclient\client.py", line 862, in _check_raise_for_error
    raise CellExecutionError.from_cell_and_msg(cell, exec_reply_content)
nbclient.exceptions.CellExecutionError: An error occurred while executing the following cell:
------------------
excess_returns = returns.sub(ff['RF'], axis=0).dropna()
------------------

[1;31m---------------------------------------------------------------------------[0m
[1;31mTypeError[0m                                 Traceback (most recent call last)
Cell [1;32mIn [79], line 1[0m
[1;32m----> 1[0m excess_returns [38;5;241m=[39m returns[38;5;241m.[39msub(ff[[38;5;124m'[39m[38;5;124mRF[39m[38;5;124m'[39m], axis[38;5;241m=[39m[38;5;241m0[39m)[38;5;241m.[39mdropna()

File [1;32m~\Miniconda3\envs\fina-4380\lib\site-packages\pandas\core\ops\__init__.py:435[0m, in [0;36mflex_arith_method_FRAME.<locals>.f[1;34m(self, other, axis, level, fill_value)[0m
[0;32m    432[0m axis [38;5;241m=[39m [38;5;28mself[39m[38;5;241m.[39m_get_axis_number(axis) [38;5;28;01mif[39;00m axis [38;5;129;01mis[39;00m [38;5;129;01mnot[39;00m [38;5;28;01mNone[39;00m [38;5;28;01melse[39;00m [38;5;241m1[39m
[0;32m    434[0m other [38;5;241m=[39m maybe_prepare_scalar_for_op(other, [38;5;28mself[39m[38;5;241m.[39mshape)
[1;32m--> 435[0m [38;5;28mself[39m, other [38;5;241m=[39m [43malign_method_FRAME[49m[43m([49m[38;5;28;43mself[39;49m[43m,[49m[43m [49m[43mother[49m[43m,[49m[43m [49m[43maxis[49m[43m,[49m[43m [49m[43mflex[49m[38;5;241;43m=[39;49m[38;5;28;43;01mTrue[39;49;00m[43m,[49m[43m [49m[43mlevel[49m[38;5;241;43m=[39;49m[43mlevel[49m[43m)[49m
[0;32m    437[0m [38;5;28;01mif[39;00m [38;5;28misinstance[39m(other, ABCDataFrame):
[0;32m    438[0m     [38;5;66;03m# Another DataFrame[39;00m
[0;32m    439[0m     new_data [38;5;241m=[39m [38;5;28mself[39m[38;5;241m.[39m_combine_frame(other, na_op, fill_value)

File [1;32m~\Miniconda3\envs\fina-4380\lib\site-packages\pandas\core\ops\__init__.py:308[0m, in [0;36malign_method_FRAME[1;34m(left, right, axis, flex, level)[0m
[0;32m    298[0m         [38;5;28;01mif[39;00m [38;5;129;01mnot[39;00m left[38;5;241m.[39maxes[axis][38;5;241m.[39mequals(right[38;5;241m.[39mindex):
[0;32m    299[0m             warnings[38;5;241m.[39mwarn(
[0;32m    300[0m                 [38;5;124m"[39m[38;5;124mAutomatic reindexing on DataFrame vs Series comparisons [39m[38;5;124m"[39m
[0;32m    301[0m                 [38;5;124m"[39m[38;5;124mis deprecated and will raise ValueError in a future version. [39m[38;5;124m"[39m
[1;32m   (...)[0m
[0;32m    305[0m                 stacklevel[38;5;241m=[39mfind_stack_level(inspect[38;5;241m.[39mcurrentframe()),
[0;32m    306[0m             )
[1;32m--> 308[0m     left, right [38;5;241m=[39m [43mleft[49m[38;5;241;43m.[39;49m[43malign[49m[43m([49m
[0;32m    309[0m [43m        [49m[43mright[49m[43m,[49m[43m [49m[43mjoin[49m[38;5;241;43m=[39;49m[38;5;124;43m"[39;49m[38;5;124;43mouter[39;49m[38;5;124;43m"[39;49m[43m,[49m[43m [49m[43maxis[49m[38;5;241;43m=[39;49m[43maxis[49m[43m,[49m[43m [49m[43mlevel[49m[38;5;241;43m=[39;49m[43mlevel[49m[43m,[49m[43m [49m[43mcopy[49m[38;5;241;43m=[39;49m[38;5;28;43;01mFalse[39;49;00m
[0;32m    310[0m [43m    [49m[43m)[49m
[0;32m    311[0m     right [38;5;241m=[39m _maybe_align_series_as_frame(left, right, axis)
[0;32m    313[0m [38;5;28;01mreturn[39;00m left, right

File [1;32m~\Miniconda3\envs\fina-4380\lib\site-packages\pandas\core\frame.py:5082[0m, in [0;36mDataFrame.align[1;34m(self, other, join, axis, level, copy, fill_value, method, limit, fill_axis, broadcast_axis)[0m
[0;32m   5068[0m [38;5;129m@doc[39m(NDFrame[38;5;241m.[39malign, [38;5;241m*[39m[38;5;241m*[39m_shared_doc_kwargs)
[0;32m   5069[0m [38;5;28;01mdef[39;00m [38;5;21malign[39m(
[0;32m   5070[0m     [38;5;28mself[39m,
[1;32m   (...)[0m
[0;32m   5080[0m     broadcast_axis: Axis [38;5;241m|[39m [38;5;28;01mNone[39;00m [38;5;241m=[39m [38;5;28;01mNone[39;00m,
[0;32m   5081[0m ) [38;5;241m-[39m[38;5;241m>[39m DataFrame:
[1;32m-> 5082[0m     [38;5;28;01mreturn[39;00m [38;5;28;43msuper[39;49m[43m([49m[43m)[49m[38;5;241;43m.[39;49m[43malign[49m[43m([49m
[0;32m   5083[0m [43m        [49m[43mother[49m[43m,[49m
[0;32m   5084[0m [43m        [49m[43mjoin[49m[38;5;241;43m=[39;49m[43mjoin[49m[43m,[49m
[0;32m   5085[0m [43m        [49m[43maxis[49m[38;5;241;43m=[39;49m[43maxis[49m[43m,[49m
[0;32m   5086[0m [43m        [49m[43mlevel[49m[38;5;241;43m=[39;49m[43mlevel[49m[43m,[49m
[0;32m   5087[0m [43m        [49m[43mcopy[49m[38;5;241;43m=[39;49m[43mcopy[49m[43m,[49m
[0;32m   5088[0m [43m        [49m[43mfill_value[49m[38;5;241;43m=[39;49m[43mfill_value[49m[43m,[49m
[0;32m   5089[0m [43m        [49m[43mmethod[49m[38;5;241;43m=[39;49m[43mmethod[49m[43m,[49m
[0;32m   5090[0m [43m        [49m[43mlimit[49m[38;5;241;43m=[39;49m[43mlimit[49m[43m,[49m
[0;32m   5091[0m [43m        [49m[43mfill_axis[49m[38;5;241;43m=[39;49m[43mfill_axis[49m[43m,[49m
[0;32m   5092[0m [43m        [49m[43mbroadcast_axis[49m[38;5;241;43m=[39;49m[43mbroadcast_axis[49m[43m,[49m
[0;32m   5093[0m [43m    [49m[43m)[49m

File [1;32m~\Miniconda3\envs\fina-4380\lib\site-packages\pandas\core\generic.py:9457[0m, in [0;36mNDFrame.align[1;34m(self, other, join, axis, level, copy, fill_value, method, limit, fill_axis, broadcast_axis)[0m
[0;32m   9445[0m     [38;5;28;01mreturn[39;00m [38;5;28mself[39m[38;5;241m.[39m_align_frame(
[0;32m   9446[0m         other,
[0;32m   9447[0m         join[38;5;241m=[39mjoin,
[1;32m   (...)[0m
[0;32m   9454[0m         fill_axis[38;5;241m=[39mfill_axis,
[0;32m   9455[0m     )
[0;32m   9456[0m [38;5;28;01melif[39;00m [38;5;28misinstance[39m(other, ABCSeries):
[1;32m-> 9457[0m     [38;5;28;01mreturn[39;00m [38;5;28;43mself[39;49m[38;5;241;43m.[39;49m[43m_align_series[49m[43m([49m
[0;32m   9458[0m [43m        [49m[43mother[49m[43m,[49m
[0;32m   9459[0m [43m        [49m[43mjoin[49m[38;5;241;43m=[39;49m[43mjoin[49m[43m,[49m
[0;32m   9460[0m [43m        [49m[43maxis[49m[38;5;241;43m=[39;49m[43maxis[49m[43m,[49m
[0;32m   9461[0m [43m        [49m[43mlevel[49m[38;5;241;43m=[39;49m[43mlevel[49m[43m,[49m
[0;32m   9462[0m [43m        [49m[43mcopy[49m[38;5;241;43m=[39;49m[43mcopy[49m[43m,[49m
[0;32m   9463[0m [43m        [49m[43mfill_value[49m[38;5;241;43m=[39;49m[43mfill_value[49m[43m,[49m
[0;32m   9464[0m [43m        [49m[43mmethod[49m[38;5;241;43m=[39;49m[43mmethod[49m[43m,[49m
[0;32m   9465[0m [43m        [49m[43mlimit[49m[38;5;241;43m=[39;49m[43mlimit[49m[43m,[49m
[0;32m   9466[0m [43m        [49m[43mfill_axis[49m[38;5;241;43m=[39;49m[43mfill_axis[49m[43m,[49m
[0;32m   9467[0m [43m    [49m[43m)[49m
[0;32m   9468[0m [38;5;28;01melse[39;00m:  [38;5;66;03m# pragma: no cover[39;00m
[0;32m   9469[0m     [38;5;28;01mraise[39;00m [38;5;167;01mTypeError[39;00m([38;5;124mf[39m[38;5;124m"[39m[38;5;124munsupported type: [39m[38;5;132;01m{[39;00m[38;5;28mtype[39m(other)[38;5;132;01m}[39;00m[38;5;124m"[39m)

File [1;32m~\Miniconda3\envs\fina-4380\lib\site-packages\pandas\core\generic.py:9564[0m, in [0;36mNDFrame._align_series[1;34m(self, other, join, axis, level, copy, fill_value, method, limit, fill_axis)[0m
[0;32m   9562[0m     join_index, lidx, ridx [38;5;241m=[39m [38;5;28;01mNone[39;00m, [38;5;28;01mNone[39;00m, [38;5;28;01mNone[39;00m
[0;32m   9563[0m [38;5;28;01melse[39;00m:
[1;32m-> 9564[0m     join_index, lidx, ridx [38;5;241m=[39m [38;5;28;43mself[39;49m[38;5;241;43m.[39;49m[43mindex[49m[38;5;241;43m.[39;49m[43mjoin[49m[43m([49m
[0;32m   9565[0m [43m        [49m[43mother[49m[38;5;241;43m.[39;49m[43mindex[49m[43m,[49m[43m [49m[43mhow[49m[38;5;241;43m=[39;49m[43mjoin[49m[43m,[49m[43m [49m[43mlevel[49m[38;5;241;43m=[39;49m[43mlevel[49m[43m,[49m[43m [49m[43mreturn_indexers[49m[38;5;241;43m=[39;49m[38;5;28;43;01mTrue[39;49;00m
[0;32m   9566[0m [43m    [49m[43m)[49m
[0;32m   9568[0m [38;5;28;01mif[39;00m is_series:
[0;32m   9569[0m     left [38;5;241m=[39m [38;5;28mself[39m[38;5;241m.[39m_reindex_indexer(join_index, lidx, copy)

File [1;32m~\Miniconda3\envs\fina-4380\lib\site-packages\pandas\util\_decorators.py:317[0m, in [0;36mdeprecate_nonkeyword_arguments.<locals>.decorate.<locals>.wrapper[1;34m(*args, **kwargs)[0m
[0;32m    311[0m [38;5;28;01mif[39;00m [38;5;28mlen[39m(args) [38;5;241m>[39m num_allow_args:
[0;32m    312[0m     warnings[38;5;241m.[39mwarn(
[0;32m    313[0m         msg[38;5;241m.[39mformat(arguments[38;5;241m=[39marguments),
[0;32m    314[0m         [38;5;167;01mFutureWarning[39;00m,
[0;32m    315[0m         stacklevel[38;5;241m=[39mfind_stack_level(inspect[38;5;241m.[39mcurrentframe()),
[0;32m    316[0m     )
[1;32m--> 317[0m [38;5;28;01mreturn[39;00m func([38;5;241m*[39margs, [38;5;241m*[39m[38;5;241m*[39mkwargs)

File [1;32m~\Miniconda3\envs\fina-4380\lib\site-packages\pandas\core\indexes\base.py:230[0m, in [0;36m_maybe_return_indexers.<locals>.join[1;34m(self, other, how, level, return_indexers, sort)[0m
[0;32m    221[0m [38;5;129m@functools[39m[38;5;241m.[39mwraps(meth)
[0;32m    222[0m [38;5;28;01mdef[39;00m [38;5;21mjoin[39m(
[0;32m    223[0m     [38;5;28mself[39m,
[1;32m   (...)[0m
[0;32m    228[0m     sort: [38;5;28mbool[39m [38;5;241m=[39m [38;5;28;01mFalse[39;00m,
[0;32m    229[0m ):
[1;32m--> 230[0m     join_index, lidx, ridx [38;5;241m=[39m [43mmeth[49m[43m([49m[38;5;28;43mself[39;49m[43m,[49m[43m [49m[43mother[49m[43m,[49m[43m [49m[43mhow[49m[38;5;241;43m=[39;49m[43mhow[49m[43m,[49m[43m [49m[43mlevel[49m[38;5;241;43m=[39;49m[43mlevel[49m[43m,[49m[43m [49m[43msort[49m[38;5;241;43m=[39;49m[43msort[49m[43m)[49m
[0;32m    231[0m     [38;5;28;01mif[39;00m [38;5;129;01mnot[39;00m return_indexers:
[0;32m    232[0m         [38;5;28;01mreturn[39;00m join_index

File [1;32m~\Miniconda3\envs\fina-4380\lib\site-packages\pandas\core\indexes\base.py:4634[0m, in [0;36mIndex.join[1;34m(self, other, how, level, return_indexers, sort)[0m
[0;32m   4631[0m [38;5;28;01mif[39;00m [38;5;28misinstance[39m([38;5;28mself[39m, ABCDatetimeIndex) [38;5;129;01mand[39;00m [38;5;28misinstance[39m(other, ABCDatetimeIndex):
[0;32m   4632[0m     [38;5;28;01mif[39;00m ([38;5;28mself[39m[38;5;241m.[39mtz [38;5;129;01mis[39;00m [38;5;28;01mNone[39;00m) [38;5;241m^[39m (other[38;5;241m.[39mtz [38;5;129;01mis[39;00m [38;5;28;01mNone[39;00m):
[0;32m   4633[0m         [38;5;66;03m# Raise instead of casting to object below.[39;00m
[1;32m-> 4634[0m         [38;5;28;01mraise[39;00m [38;5;167;01mTypeError[39;00m([38;5;124m"[39m[38;5;124mCannot join tz-naive with tz-aware DatetimeIndex[39m[38;5;124m"[39m)
[0;32m   4636[0m [38;5;28;01mif[39;00m [38;5;129;01mnot[39;00m [38;5;28mself[39m[38;5;241m.[39m_is_multi [38;5;129;01mand[39;00m [38;5;129;01mnot[39;00m other[38;5;241m.[39m_is_multi:
[0;32m   4637[0m     [38;5;66;03m# We have specific handling for MultiIndex below[39;00m
[0;32m   4638[0m     pself, pother [38;5;241m=[39m [38;5;28mself[39m[38;5;241m.[39m_maybe_promote(other)

[1;31mTypeError[0m: Cannot join tz-naive with tz-aware DatetimeIndex
TypeError: Cannot join tz-naive with tz-aware DatetimeIndex

